------------------------------------------------------------------------------
                           GCC Code Coverage Report
Directory: .
------------------------------------------------------------------------------
File                                       Lines    Exec  Cover   Missing
------------------------------------------------------------------------------
utExecutionAndResults/utUnderTest/src/BuildTbl.c
                                               6       6   100%
------------------------------------------------------------------------------
TOTAL                                          6       6   100%
------------------------------------------------------------------------------
