------------------------------------------------------------------------------
                           GCC Code Coverage Report
Directory: .
------------------------------------------------------------------------------
File                                       Lines    Exec  Cover   Missing
------------------------------------------------------------------------------
utExecutionAndResults/utUnderTest/src/BuildTbl.c
                                               9       9   100%
------------------------------------------------------------------------------
TOTAL                                          9       9   100%
------------------------------------------------------------------------------
